2025-10-12 08:50:00 | DEBUG | repo=pv243-a4m36jee-2018-security-seminar | action=test | passed=true
2025-04-21 19:05:00 | WARN | repo=pv243-a4m36jee-2018-security-seminar | action=commit
2025-12-06 08:06:00 | INFO | repo=pv243-a4m36jee-2018-security-seminar | action=test | passed=true
2025-06-02 17:20:00 | INFO | repo=pv243-a4m36jee-2018-security-seminar | action=test | passed=true
2025-01-13 07:05:00 | DEBUG | repo=pv243-a4m36jee-2018-security-seminar | action=pull
2025-07-20 12:49:00 | DEBUG | repo=pv243-a4m36jee-2018-security-seminar | action=pull
2025-10-27 07:59:00 | WARN | repo=pv243-a4m36jee-2018-security-seminar | action=commit
2025-09-20 09:28:00 | DEBUG | repo=pv243-a4m36jee-2018-security-seminar | action=edit | files=4
2025-10-16 10:18:00 | WARN | repo=pv243-a4m36jee-2018-security-seminar | action=test | passed=true
2025-08-10 09:18:00 | INFO | repo=pv243-a4m36jee-2018-security-seminar | action=commit
2025-10-02 18:39:00 | WARN | repo=pv243-a4m36jee-2018-security-seminar | action=commit
2025-02-22 08:49:00 | DEBUG | repo=pv243-a4m36jee-2018-security-seminar | action=edit | files=5
2025-01-19 20:42:00 | WARN | repo=pv243-a4m36jee-2018-security-seminar | action=commit
2025-04-02 11:38:00 | INFO | repo=pv243-a4m36jee-2018-security-seminar | action=edit | files=1
2025-10-05 07:16:00 | WARN | repo=pv243-a4m36jee-2018-security-seminar | action=commit
2025-10-19 13:32:00 | WARN | repo=pv243-a4m36jee-2018-security-seminar | action=test | passed=true
2025-04-05 12:42:00 | INFO | repo=pv243-a4m36jee-2018-security-seminar | action=commit
2025-01-11 17:16:00 | DEBUG | repo=pv243-a4m36jee-2018-security-seminar | action=commit
2025-10-05 17:28:00 | WARN | repo=pv243-a4m36jee-2018-security-seminar | action=edit | files=3
2025-02-09 21:28:00 | WARN | repo=pv243-a4m36jee-2018-security-seminar | action=edit | files=5
2025-02-06 09:09:00 | WARN | repo=pv243-a4m36jee-2018-security-seminar | action=edit | files=1
2025-03-09 12:34:00 | INFO | repo=pv243-a4m36jee-2018-security-seminar | action=test | passed=true
2025-10-26 08:12:00 | WARN | repo=pv243-a4m36jee-2018-security-seminar | action=commit
2025-04-27 19:21:00 | WARN | repo=pv243-a4m36jee-2018-security-seminar | action=pull
2025-06-23 07:36:00 | DEBUG | repo=pv243-a4m36jee-2018-security-seminar | action=pull
2025-04-02 21:18:00 | DEBUG | repo=pv243-a4m36jee-2018-security-seminar | action=edit | files=2
2025-09-25 09:57:00 | DEBUG | repo=pv243-a4m36jee-2018-security-seminar | action=test | passed=true
2025-08-18 10:02:00 | DEBUG | repo=pv243-a4m36jee-2018-security-seminar | action=edit | files=3
2025-10-11 13:12:00 | WARN | repo=pv243-a4m36jee-2018-security-seminar | action=edit | files=5
2025-08-20 16:52:00 | DEBUG | repo=pv243-a4m36jee-2018-security-seminar | action=edit | files=5
2025-06-27 07:14:00 | DEBUG | repo=pv243-a4m36jee-2018-security-seminar | action=commit
2025-03-25 09:08:00 | DEBUG | repo=pv243-a4m36jee-2018-security-seminar | action=commit
2025-08-09 14:54:00 | DEBUG | repo=pv243-a4m36jee-2018-security-seminar | action=test | passed=true
2025-12-12 17:03:00 | WARN | repo=pv243-a4m36jee-2018-security-seminar | action=edit | files=2
2025-10-02 13:10:00 | WARN | repo=pv243-a4m36jee-2018-security-seminar | action=commit
2025-01-16 17:23:00 | DEBUG | repo=pv243-a4m36jee-2018-security-seminar | action=test | passed=true
2025-10-14 08:35:00 | WARN | repo=pv243-a4m36jee-2018-security-seminar | action=pull
2025-02-05 17:14:00 | DEBUG | repo=pv243-a4m36jee-2018-security-seminar | action=edit | files=3
2025-09-05 20:55:00 | INFO | repo=pv243-a4m36jee-2018-security-seminar | action=commit
2025-07-02 20:15:00 | WARN | repo=pv243-a4m36jee-2018-security-seminar | action=commit
